{
  "RSpec": {
    "coverage": {
      "/Users/sean/turing/m2/practice/api_practice/tv_show_db/config/environment.rb": {
        "lines": [
          null,
          1,
          null,
          null,
          1
        ]
      },
      "/Users/sean/turing/m2/practice/api_practice/tv_show_db/config/application.rb": {
        "lines": [
          1,
          null,
          1,
          null,
          1,
          1,
          1,
          1,
          1,
          1,
          1,
          1,
          1,
          null,
          null,
          null,
          null,
          1,
          null,
          1,
          1,
          null,
          1,
          null,
          null,
          null,
          null,
          null,
          null,
          null,
          1,
          null,
          null
        ]
      },
      "/Users/sean/turing/m2/practice/api_practice/tv_show_db/config/boot.rb": {
        "lines": [
          1,
          null,
          1,
          1
        ]
      },
      "/Users/sean/turing/m2/practice/api_practice/tv_show_db/config/environments/test.rb": {
        "lines": [
          1,
          null,
          null,
          null,
          null,
          null,
          null,
          1,
          null,
          null,
          null,
          null,
          1,
          null,
          null,
          1,
          1,
          null,
          null,
          null,
          null,
          1,
          1,
          null,
          null,
          1,
          null,
          null,
          1,
          null,
          null,
          1,
          null,
          1,
          null,
          null,
          null,
          null,
          1,
          null,
          null,
          1,
          null,
          null,
          null,
          null
        ]
      },
      "/Users/sean/turing/m2/practice/api_practice/tv_show_db/config/initializers/application_controller_renderer.rb": {
        "lines": [
          null,
          null,
          null,
          null,
          null,
          null,
          null,
          null
        ]
      },
      "/Users/sean/turing/m2/practice/api_practice/tv_show_db/config/initializers/assets.rb": {
        "lines": [
          null,
          null,
          null,
          1,
          null,
          null,
          null,
          null,
          1,
          null,
          null,
          null,
          null,
          null
        ]
      },
      "/Users/sean/turing/m2/practice/api_practice/tv_show_db/config/initializers/backtrace_silencers.rb": {
        "lines": [
          null,
          null,
          null,
          null,
          null,
          null,
          null
        ]
      },
      "/Users/sean/turing/m2/practice/api_practice/tv_show_db/config/initializers/content_security_policy.rb": {
        "lines": [
          null,
          null,
          null,
          null,
          null,
          null,
          null,
          null,
          null,
          null,
          null,
          null,
          null,
          null,
          null,
          null,
          null,
          null,
          null,
          null,
          null,
          null,
          null,
          null,
          null
        ]
      },
      "/Users/sean/turing/m2/practice/api_practice/tv_show_db/config/initializers/cookies_serializer.rb": {
        "lines": [
          null,
          null,
          null,
          null,
          1
        ]
      },
      "/Users/sean/turing/m2/practice/api_practice/tv_show_db/config/initializers/filter_parameter_logging.rb": {
        "lines": [
          null,
          null,
          null,
          1
        ]
      },
      "/Users/sean/turing/m2/practice/api_practice/tv_show_db/config/initializers/inflections.rb": {
        "lines": [
          null,
          null,
          null,
          null,
          null,
          null,
          null,
          null,
          null,
          null,
          null,
          null,
          null,
          null,
          null,
          null
        ]
      },
      "/Users/sean/turing/m2/practice/api_practice/tv_show_db/config/initializers/mime_types.rb": {
        "lines": [
          null,
          null,
          null,
          null
        ]
      },
      "/Users/sean/turing/m2/practice/api_practice/tv_show_db/config/initializers/wrap_parameters.rb": {
        "lines": [
          null,
          null,
          null,
          null,
          null,
          null,
          1,
          2,
          null,
          null,
          null,
          null,
          null,
          null
        ]
      },
      "/Users/sean/turing/m2/practice/api_practice/tv_show_db/config/routes.rb": {
        "lines": [
          1,
          null,
          null,
          1,
          1,
          1,
          null,
          1,
          null
        ]
      },
      "/Users/sean/turing/m2/practice/api_practice/tv_show_db/app/helpers/application_helper.rb": {
        "lines": [
          1,
          null
        ]
      },
      "/Users/sean/turing/m2/practice/api_practice/tv_show_db/app/controllers/search_controller.rb": {
        "lines": [
          1,
          1,
          2,
          null,
          null
        ]
      },
      "/Users/sean/turing/m2/practice/api_practice/tv_show_db/app/controllers/application_controller.rb": {
        "lines": [
          1,
          null
        ]
      },
      "/Users/sean/turing/m2/practice/api_practice/tv_show_db/app/models/show_service.rb": {
        "lines": [
          1,
          1,
          1,
          1,
          null,
          null,
          1,
          1,
          null,
          null,
          1,
          2,
          2,
          null,
          null,
          1,
          1,
          null,
          null
        ]
      },
      "/Users/sean/turing/m2/practice/api_practice/tv_show_db/app/controllers/shows_controller.rb": {
        "lines": [
          1,
          1,
          1,
          null,
          null,
          1,
          null,
          null,
          1,
          1,
          1,
          null,
          1,
          null,
          null
        ]
      },
      "/Users/sean/turing/m2/practice/api_practice/tv_show_db/app/models/show.rb": {
        "lines": [
          1,
          1,
          1,
          null
        ]
      },
      "/Users/sean/turing/m2/practice/api_practice/tv_show_db/app/models/application_record.rb": {
        "lines": [
          1,
          1,
          null
        ]
      }
    },
    "timestamp": 1667237748
  }
}
